# JRE version: OpenJDK Runtime Environment (7.0_101) (build 1.7.0_101-b00)
# Java VM: OpenJDK 64-Bit Server VM (24.95-b01 mixed mode linux-amd64 compressed oops)
Heap
 def new generation   total 2432K, used 2432K [0x00000000cc000000, 0x00000000cc2a0000, 0x00000000d9e00000)
  eden space 2176K, 100% used [0x00000000cc000000, 0x00000000cc220000, 0x00000000cc220000)
  from space 256K, 100% used [0x00000000cc260000, 0x00000000cc2a0000, 0x00000000cc2a0000)
  to   space 256K, 100% used [0x00000000cc220000, 0x00000000cc260000, 0x00000000cc260000)
 tenured generation   total 5504K, used 5385K [0x00000000d9e00000, 0x00000000da360000, 0x00000000f5a00000)
   the space 5504K,  97% used [0x00000000d9e00000, 0x00000000da3424f8, 0x00000000da342600, 0x00000000da360000)
 compacting perm gen  total 21248K, used 7040K [0x00000000f5a00000, 0x00000000f6ec0000, 0x0000000100000000)
   the space 21248K,  33% used [0x00000000f5a00000, 0x00000000f60e0388, 0x00000000f60e0400, 0x00000000f6ec0000)
GC Heap History (10 events):
Event: 0.369 GC heap after
Heap after GC invocations=3 (full 0):
 def new generation   total 2432K, used 256K [0x00000000cc000000, 0x00000000cc2a0000, 0x00000000d9e00000)
  eden space 2176K,   0% used [0x00000000cc000000, 0x00000000cc000000, 0x00000000cc220000)
  from space 256K, 100% used [0x00000000cc260000, 0x00000000cc2a0000, 0x00000000cc2a0000)
  to   space 256K,   0% used [0x00000000cc220000, 0x00000000cc220000, 0x00000000cc260000)
 tenured generation   total 5504K, used 1738K [0x00000000d9e00000, 0x00000000da360000, 0x00000000f5a00000)
   the space 5504K,  31% used [0x00000000d9e00000, 0x00000000d9fb2b10, 0x00000000d9fb2c00, 0x00000000da360000)
 compacting perm gen  total 21248K, used 4810K [0x00000000f5a00000, 0x00000000f6ec0000, 0x0000000100000000)
   the space 21248K,  22% used [0x00000000f5a00000, 0x00000000f5eb29f0, 0x00000000f5eb2a00, 0x00000000f6ec0000)
No shared spaces configured.
}
Event: 0.430 GC heap before
{Heap before GC invocations=3 (full 0):
 def new generation   total 2432K, used 2432K [0x00000000cc000000, 0x00000000cc2a0000, 0x00000000d9e00000)
  eden space 2176K, 100% used [0x00000000cc000000, 0x00000000cc220000, 0x00000000cc220000)
  from space 256K, 100% used [0x00000000cc260000, 0x00000000cc2a0000, 0x00000000cc2a0000)
  to   space 256K,   0% used [0x00000000cc220000, 0x00000000cc220000, 0x00000000cc260000)
 tenured generation   total 5504K, used 1738K [0x00000000d9e00000, 0x00000000da360000, 0x00000000f5a00000)
   the space 5504K,  31% used [0x00000000d9e00000, 0x00000000d9fb2b10, 0x00000000d9fb2c00, 0x00000000da360000)
 compacting perm gen  total 21248K, used 5372K [0x00000000f5a00000, 0x00000000f6ec0000, 0x0000000100000000)
   the space 21248K,  25% used [0x00000000f5a00000, 0x00000000f5f3f278, 0x00000000f5f3f400, 0x00000000f6ec0000)
No shared spaces configured.
Event: 0.433 GC heap after
Heap after GC invocations=4 (full 0):
 def new generation   total 2432K, used 256K [0x00000000cc000000, 0x00000000cc2a0000, 0x00000000d9e00000)
  eden space 2176K,   0% used [0x00000000cc000000, 0x00000000cc000000, 0x00000000cc220000)
  from space 256K, 100% used [0x00000000cc220000, 0x00000000cc260000, 0x00000000cc260000)
  to   space 256K,   0% used [0x00000000cc260000, 0x00000000cc260000, 0x00000000cc2a0000)
 tenured generation   total 5504K, used 2110K [0x00000000d9e00000, 0x00000000da360000, 0x00000000f5a00000)
   the space 5504K,  38% used [0x00000000d9e00000, 0x00000000da00f8d0, 0x00000000da00fa00, 0x00000000da360000)
 compacting perm gen  total 21248K, used 5372K [0x00000000f5a00000, 0x00000000f6ec0000, 0x0000000100000000)
   the space 21248K,  25% used [0x00000000f5a00000, 0x00000000f5f3f278, 0x00000000f5f3f400, 0x00000000f6ec0000)
No shared spaces configured.
}
Event: 0.487 GC heap before
{Heap before GC invocations=4 (full 0):
 def new generation   total 2432K, used 2431K [0x00000000cc000000, 0x00000000cc2a0000, 0x00000000d9e00000)
  eden space 2176K,  99% used [0x00000000cc000000, 0x00000000cc21ffb0, 0x00000000cc220000)
  from space 256K, 100% used [0x00000000cc220000, 0x00000000cc260000, 0x00000000cc260000)
  to   space 256K,   0% used [0x00000000cc260000, 0x00000000cc260000, 0x00000000cc2a0000)
 tenured generation   total 5504K, used 2110K [0x00000000d9e00000, 0x00000000da360000, 0x00000000f5a00000)
   the space 5504K,  38% used [0x00000000d9e00000, 0x00000000da00f8d0, 0x00000000da00fa00, 0x00000000da360000)
 compacting perm gen  total 21248K, used 5902K [0x00000000f5a00000, 0x00000000f6ec0000, 0x0000000100000000)
   the space 21248K,  27% used [0x00000000f5a00000, 0x00000000f5fc3a08, 0x00000000f5fc3c00, 0x00000000f6ec0000)
No shared spaces configured.
Event: 0.489 GC heap after
Heap after GC invocations=5 (full 0):
 def new generation   total 2432K, used 255K [0x00000000cc000000, 0x00000000cc2a0000, 0x00000000d9e00000)
  eden space 2176K,   0% used [0x00000000cc000000, 0x00000000cc000000, 0x00000000cc220000)
  from space 256K,  99% used [0x00000000cc260000, 0x00000000cc29fff8, 0x00000000cc2a0000)
  to   space 256K,   0% used [0x00000000cc220000, 0x00000000cc220000, 0x00000000cc260000)
 tenured generation   total 5504K, used 2655K [0x00000000d9e00000, 0x00000000da360000, 0x00000000f5a00000)
   the space 5504K,  48% used [0x00000000d9e00000, 0x00000000da097dc8, 0x00000000da097e00, 0x00000000da360000)
 compacting perm gen  total 21248K, used 5902K [0x00000000f5a00000, 0x00000000f6ec0000, 0x0000000100000000)
   the space 21248K,  27% used [0x00000000f5a00000, 0x00000000f5fc3a08, 0x00000000f5fc3c00, 0x00000000f6ec0000)
No shared spaces configured.
}
Event: 0.615 GC heap before
{Heap before GC invocations=5 (full 0):
 def new generation   total 2432K, used 2431K [0x00000000cc000000, 0x00000000cc2a0000, 0x00000000d9e00000)
  eden space 2176K, 100% used [0x00000000cc000000, 0x00000000cc220000, 0x00000000cc220000)
  from space 256K,  99% used [0x00000000cc260000, 0x00000000cc29fff8, 0x00000000cc2a0000)
  to   space 256K,   0% used [0x00000000cc220000, 0x00000000cc220000, 0x00000000cc260000)
 tenured generation   total 5504K, used 2655K [0x00000000d9e00000, 0x00000000da360000, 0x00000000f5a00000)
   the space 5504K,  48% used [0x00000000d9e00000, 0x00000000da097dc8, 0x00000000da097e00, 0x00000000da360000)
 compacting perm gen  total 21248K, used 6995K [0x00000000f5a00000, 0x00000000f6ec0000, 0x0000000100000000)
   the space 21248K,  32% used [0x00000000f5a00000, 0x00000000f60d4f80, 0x00000000f60d5000, 0x00000000f6ec0000)
No shared spaces configured.
Event: 0.618 GC heap after
Heap after GC invocations=6 (full 0):
 def new generation   total 2432K, used 255K [0x00000000cc000000, 0x00000000cc2a0000, 0x00000000d9e00000)
  eden space 2176K,   0% used [0x00000000cc000000, 0x00000000cc000000, 0x00000000cc220000)
  from space 256K,  99% used [0x00000000cc220000, 0x00000000cc25fff8, 0x00000000cc260000)
  to   space 256K,   0% used [0x00000000cc260000, 0x00000000cc260000, 0x00000000cc2a0000)
 tenured generation   total 5504K, used 3116K [0x00000000d9e00000, 0x00000000da360000, 0x00000000f5a00000)
   the space 5504K,  56% used [0x00000000d9e00000, 0x00000000da10b3e0, 0x00000000da10b400, 0x00000000da360000)
 compacting perm gen  total 21248K, used 6995K [0x00000000f5a00000, 0x00000000f6ec0000, 0x0000000100000000)
   the space 21248K,  32% used [0x00000000f5a00000, 0x00000000f60d4f80, 0x00000000f60d5000, 0x00000000f6ec0000)
No shared spaces configured.
}
Event: 0.833 GC heap before
{Heap before GC invocations=6 (full 0):
 def new generation   total 2432K, used 2431K [0x00000000cc000000, 0x00000000cc2a0000, 0x00000000d9e00000)
  eden space 2176K, 100% used [0x00000000cc000000, 0x00000000cc220000, 0x00000000cc220000)
  from space 256K,  99% used [0x00000000cc220000, 0x00000000cc25fff8, 0x00000000cc260000)
  to   space 256K,   0% used [0x00000000cc260000, 0x00000000cc260000, 0x00000000cc2a0000)
 tenured generation   total 5504K, used 3116K [0x00000000d9e00000, 0x00000000da360000, 0x00000000f5a00000)
   the space 5504K,  56% used [0x00000000d9e00000, 0x00000000da10b3e0, 0x00000000da10b400, 0x00000000da360000)
 compacting perm gen  total 21248K, used 7022K [0x00000000f5a00000, 0x00000000f6ec0000, 0x0000000100000000)
   the space 21248K,  33% used [0x00000000f5a00000, 0x00000000f60db980, 0x00000000f60dba00, 0x00000000f6ec0000)
No shared spaces configured.
Event: 0.837 GC heap after
Heap after GC invocations=7 (full 0):
 def new generation   total 2432K, used 256K [0x00000000cc000000, 0x00000000cc2a0000, 0x00000000d9e00000)
  eden space 2176K,   0% used [0x00000000cc000000, 0x00000000cc000000, 0x00000000cc220000)
  from space 256K, 100% used [0x00000000cc260000, 0x00000000cc2a0000, 0x00000000cc2a0000)
  to   space 256K,   0% used [0x00000000cc220000, 0x00000000cc220000, 0x00000000cc260000)
 tenured generation   total 5504K, used 5123K [0x00000000d9e00000, 0x00000000da360000, 0x00000000f5a00000)
   the space 5504K,  93% used [0x00000000d9e00000, 0x00000000da300c28, 0x00000000da300e00, 0x00000000da360000)
 compacting perm gen  total 21248K, used 7022K [0x00000000f5a00000, 0x00000000f6ec0000, 0x0000000100000000)
   the space 21248K,  33% used [0x00000000f5a00000, 0x00000000f60db980, 0x00000000f60dba00, 0x00000000f6ec0000)
No shared spaces configured.
}
Event: 1.096 GC heap before
{Heap before GC invocations=7 (full 0):
 def new generation   total 2432K, used 2432K [0x00000000cc000000, 0x00000000cc2a0000, 0x00000000d9e00000)
  eden space 2176K, 100% used [0x00000000cc000000, 0x00000000cc220000, 0x00000000cc220000)
  from space 256K, 100% used [0x00000000cc260000, 0x00000000cc2a0000, 0x00000000cc2a0000)
  to   space 256K,   0% used [0x00000000cc220000, 0x00000000cc220000, 0x00000000cc260000)
 tenured generation   total 5504K, used 5123K [0x00000000d9e00000, 0x00000000da360000, 0x00000000f5a00000)
   the space 5504K,  93% used [0x00000000d9e00000, 0x00000000da300c28, 0x00000000da300e00, 0x00000000da360000)
 compacting perm gen  total 21248K, used 7040K [0x00000000f5a00000, 0x00000000f6ec0000, 0x0000000100000000)
   the space 21248K,  33% used [0x00000000f5a00000, 0x00000000f60e0388, 0x00000000f60e0400, 0x00000000f6ec0000)
No shared spaces configured.

